c:\users\user\desktop\김장후\d2d\engine\jdengine\jdengine_windows\x64\debug\vc143.pdb
c:\users\user\desktop\김장후\d2d\engine\jdengine\jdengine_windows\x64\debug\vc143.idb
c:\users\user\desktop\김장후\d2d\engine\jdengine\jdengine_windows\x64\debug\jdwndbase.obj
c:\users\user\desktop\김장후\d2d\engine\jdengine\x64\debug\jdengine_windows.pdb
c:\users\user\desktop\김장후\d2d\engine\jdengine\jdengine_windows\x64\debug\jdengine_windows.tlog\cl.command.1.tlog
c:\users\user\desktop\김장후\d2d\engine\jdengine\jdengine_windows\x64\debug\jdengine_windows.tlog\cl.read.1.tlog
c:\users\user\desktop\김장후\d2d\engine\jdengine\jdengine_windows\x64\debug\jdengine_windows.tlog\cl.write.1.tlog
c:\users\user\desktop\김장후\d2d\engine\jdengine\jdengine_windows\x64\debug\jdengine_windows.tlog\link-cvtres.read.1.tlog
c:\users\user\desktop\김장후\d2d\engine\jdengine\jdengine_windows\x64\debug\jdengine_windows.tlog\link-cvtres.write.1.tlog
c:\users\user\desktop\김장후\d2d\engine\jdengine\jdengine_windows\x64\debug\jdengine_windows.tlog\link-rc.read.1.tlog
c:\users\user\desktop\김장후\d2d\engine\jdengine\jdengine_windows\x64\debug\jdengine_windows.tlog\link-rc.write.1.tlog
c:\users\user\desktop\김장후\d2d\engine\jdengine\jdengine_windows\x64\debug\jdengine_windows.tlog\link.command.1.tlog
c:\users\user\desktop\김장후\d2d\engine\jdengine\jdengine_windows\x64\debug\jdengine_windows.tlog\link.read.1.tlog
c:\users\user\desktop\김장후\d2d\engine\jdengine\jdengine_windows\x64\debug\jdengine_windows.tlog\link.read.2.tlog
c:\users\user\desktop\김장후\d2d\engine\jdengine\jdengine_windows\x64\debug\jdengine_windows.tlog\link.read.3.tlog
c:\users\user\desktop\김장후\d2d\engine\jdengine\jdengine_windows\x64\debug\jdengine_windows.tlog\link.read.4.tlog
c:\users\user\desktop\김장후\d2d\engine\jdengine\jdengine_windows\x64\debug\jdengine_windows.tlog\link.read.5.tlog
c:\users\user\desktop\김장후\d2d\engine\jdengine\jdengine_windows\x64\debug\jdengine_windows.tlog\link.read.6.tlog
c:\users\user\desktop\김장후\d2d\engine\jdengine\jdengine_windows\x64\debug\jdengine_windows.tlog\link.read.7.tlog
c:\users\user\desktop\김장후\d2d\engine\jdengine\jdengine_windows\x64\debug\jdengine_windows.tlog\link.write.1.tlog
