c:\users\user\desktop\김장후\d2d\engine\jdengine\x64\debug\jdengine_renderer.pdb
c:\users\user\desktop\김장후\d2d\engine\jdengine\x64\debug\jdengine_renderer.idb
c:\users\user\desktop\김장후\d2d\engine\jdengine\jdengine_renderer\x64\debug\pch.obj
c:\users\user\desktop\김장후\d2d\engine\jdengine\jdengine_renderer\x64\debug\d2drenderer.obj
c:\users\user\desktop\김장후\d2d\engine\jdengine\x64\debug\jdengine_renderer.lib
c:\users\user\desktop\김장후\d2d\engine\jdengine\jdengine_renderer\x64\debug\vc143.idb
c:\users\user\desktop\김장후\d2d\engine\jdengine\jdengine_renderer\x64\debug\vc143.pdb
c:\users\user\desktop\김장후\d2d\engine\jdengine\jdengine_renderer\x64\debug\jdengine.441dfe6c.tlog\cl.command.1.tlog
c:\users\user\desktop\김장후\d2d\engine\jdengine\jdengine_renderer\x64\debug\jdengine.441dfe6c.tlog\cl.items.tlog
c:\users\user\desktop\김장후\d2d\engine\jdengine\jdengine_renderer\x64\debug\jdengine.441dfe6c.tlog\cl.read.1.tlog
c:\users\user\desktop\김장후\d2d\engine\jdengine\jdengine_renderer\x64\debug\jdengine.441dfe6c.tlog\cl.write.1.tlog
c:\users\user\desktop\김장후\d2d\engine\jdengine\jdengine_renderer\x64\debug\jdengine.441dfe6c.tlog\lib-link.read.1.tlog
c:\users\user\desktop\김장후\d2d\engine\jdengine\jdengine_renderer\x64\debug\jdengine.441dfe6c.tlog\lib-link.write.1.tlog
c:\users\user\desktop\김장후\d2d\engine\jdengine\jdengine_renderer\x64\debug\jdengine.441dfe6c.tlog\lib.command.1.tlog
c:\users\user\desktop\김장후\d2d\engine\jdengine\jdengine_renderer\x64\debug\jdengine.441dfe6c.tlog\link-cvtres.read.1.tlog
c:\users\user\desktop\김장후\d2d\engine\jdengine\jdengine_renderer\x64\debug\jdengine.441dfe6c.tlog\link-cvtres.write.1.tlog
c:\users\user\desktop\김장후\d2d\engine\jdengine\jdengine_renderer\x64\debug\jdengine.441dfe6c.tlog\link-rc.read.1.tlog
c:\users\user\desktop\김장후\d2d\engine\jdengine\jdengine_renderer\x64\debug\jdengine.441dfe6c.tlog\link-rc.write.1.tlog
c:\users\user\desktop\김장후\d2d\engine\jdengine\jdengine_renderer\x64\debug\jdengine.441dfe6c.tlog\link.command.1.tlog
c:\users\user\desktop\김장후\d2d\engine\jdengine\jdengine_renderer\x64\debug\jdengine.441dfe6c.tlog\link.read.1.tlog
c:\users\user\desktop\김장후\d2d\engine\jdengine\jdengine_renderer\x64\debug\jdengine.441dfe6c.tlog\link.read.2.tlog
c:\users\user\desktop\김장후\d2d\engine\jdengine\jdengine_renderer\x64\debug\jdengine.441dfe6c.tlog\link.write.1.tlog
