c:\users\user\desktop\김장후\d2d\engine\jdengine\jdegine_app\x64\debug\vc143.pdb
c:\users\user\desktop\김장후\d2d\engine\jdengine\jdegine_app\x64\debug\vc143.idb
c:\users\user\desktop\김장후\d2d\engine\jdengine\jdegine_app\x64\debug\pch.obj
c:\users\user\desktop\김장후\d2d\engine\jdengine\jdegine_app\x64\debug\main.obj
c:\users\user\desktop\김장후\d2d\engine\jdengine\jdegine_app\x64\debug\mainapp.obj
c:\users\user\desktop\김장후\d2d\engine\jdengine\x64\debug\jdegine_app.pdb
c:\users\user\desktop\김장후\d2d\engine\jdengine\jdegine_app\x64\debug\jdegine_app.tlog\cl.command.1.tlog
c:\users\user\desktop\김장후\d2d\engine\jdengine\jdegine_app\x64\debug\jdegine_app.tlog\cl.read.1.tlog
c:\users\user\desktop\김장후\d2d\engine\jdengine\jdegine_app\x64\debug\jdegine_app.tlog\cl.write.1.tlog
c:\users\user\desktop\김장후\d2d\engine\jdengine\jdegine_app\x64\debug\jdegine_app.tlog\link-cvtres.read.1.tlog
c:\users\user\desktop\김장후\d2d\engine\jdengine\jdegine_app\x64\debug\jdegine_app.tlog\link-cvtres.write.1.tlog
c:\users\user\desktop\김장후\d2d\engine\jdengine\jdegine_app\x64\debug\jdegine_app.tlog\link-rc.read.1.tlog
c:\users\user\desktop\김장후\d2d\engine\jdengine\jdegine_app\x64\debug\jdegine_app.tlog\link-rc.write.1.tlog
c:\users\user\desktop\김장후\d2d\engine\jdengine\jdegine_app\x64\debug\jdegine_app.tlog\link.command.1.tlog
c:\users\user\desktop\김장후\d2d\engine\jdengine\jdegine_app\x64\debug\jdegine_app.tlog\link.read.1.tlog
c:\users\user\desktop\김장후\d2d\engine\jdengine\jdegine_app\x64\debug\jdegine_app.tlog\link.read.2.tlog
c:\users\user\desktop\김장후\d2d\engine\jdengine\jdegine_app\x64\debug\jdegine_app.tlog\link.read.3.tlog
c:\users\user\desktop\김장후\d2d\engine\jdengine\jdegine_app\x64\debug\jdegine_app.tlog\link.read.4.tlog
c:\users\user\desktop\김장후\d2d\engine\jdengine\jdegine_app\x64\debug\jdegine_app.tlog\link.read.5.tlog
c:\users\user\desktop\김장후\d2d\engine\jdengine\jdegine_app\x64\debug\jdegine_app.tlog\link.read.6.tlog
c:\users\user\desktop\김장후\d2d\engine\jdengine\jdegine_app\x64\debug\jdegine_app.tlog\link.write.1.tlog
