D:\DevPrograms\MicrosoftVisualStudio\VisualStudio2022\MSBuild\Microsoft\VC\v170\Microsoft.CppBuild.targets(538,5): warning MSB8028: 중간 디렉터리(x64\Debug\)에 다른 프로젝트(JDEngine_Renderer.vcxproj)에서 공유하는 파일이 포함되어 있습니다.  이로 인해 잘못된 정리 및 다시 빌드 동작이 수행될 수 있습니다.
  Main.cpp
D:\AllProjects\GameInJaeWon\2학기\D2D\JDEngine\JDEngine_Core\SceneBase.h(46,41): error C2065: 'GameObjectBase': 선언되지 않은 식별자입니다.
  (소스 파일 'Main.cpp'을(를) 컴파일하는 중)
  
D:\AllProjects\GameInJaeWon\2학기\D2D\JDEngine\JDEngine_Core\SceneBase.h(46,30): error C2923: 'std::unique_ptr': 'GameObjectBase'은(는) '_Ty' 매개 변수에 대한 올바른 템플릿 형식 인수가 아닙니다.
  (소스 파일 'Main.cpp'을(를) 컴파일하는 중)
      D:\AllProjects\GameInJaeWon\2학기\D2D\JDEngine\JDEngine_Core\SceneBase.h(46,41):
      'GameObjectBase' 선언을 참조하십시오.
  
D:\AllProjects\GameInJaeWon\2학기\D2D\JDEngine\JDEngine_Core\SceneBase.h(46,30): error C2976: 'std::unique_ptr': 템플릿 인수가 너무 적습니다.
  (소스 파일 'Main.cpp'을(를) 컴파일하는 중)
      D:\DevPrograms\MicrosoftVisualStudio\VisualStudio2022\VC\Tools\MSVC\14.44.35207\include\memory(3347,7):
      'std::unique_ptr' 선언을 참조하십시오.
  
D:\AllProjects\GameInJaeWon\2학기\D2D\JDEngine\JDEngine_Core\SceneBase.h(46,30): error C3203: 'unique_ptr': 특수화되지 않은 클래스 템플릿은(는) 템플릿 매개 변수 '_Ty'에 대한 템플릿 인수로 사용할 수 없습니다. 실제 형식이 필요합니다.
  (소스 파일 'Main.cpp'을(를) 컴파일하는 중)
  
D:\AllProjects\GameInJaeWon\2학기\D2D\JDEngine\JDEngine_Factories\CoreFactory.h(31,39): error C2061: 구문 오류: 식별자 'Scene'
  (소스 파일 'Main.cpp'을(를) 컴파일하는 중)
  
  EngineCore.cpp
D:\AllProjects\GameInJaeWon\2학기\D2D\JDEngine\JDEngine_Core\SceneBase.h(46,41): error C2065: 'GameObjectBase': 선언되지 않은 식별자입니다.
  (소스 파일 'EngineCore.cpp'을(를) 컴파일하는 중)
  
D:\AllProjects\GameInJaeWon\2학기\D2D\JDEngine\JDEngine_Core\SceneBase.h(46,30): error C2923: 'std::unique_ptr': 'GameObjectBase'은(는) '_Ty' 매개 변수에 대한 올바른 템플릿 형식 인수가 아닙니다.
  (소스 파일 'EngineCore.cpp'을(를) 컴파일하는 중)
      D:\AllProjects\GameInJaeWon\2학기\D2D\JDEngine\JDEngine_Core\SceneBase.h(46,41):
      'GameObjectBase' 선언을 참조하십시오.
  
D:\AllProjects\GameInJaeWon\2학기\D2D\JDEngine\JDEngine_Core\SceneBase.h(46,30): error C2976: 'std::unique_ptr': 템플릿 인수가 너무 적습니다.
  (소스 파일 'EngineCore.cpp'을(를) 컴파일하는 중)
      D:\DevPrograms\MicrosoftVisualStudio\VisualStudio2022\VC\Tools\MSVC\14.44.35207\include\memory(3347,7):
      'std::unique_ptr' 선언을 참조하십시오.
  
D:\AllProjects\GameInJaeWon\2학기\D2D\JDEngine\JDEngine_Core\SceneBase.h(46,30): error C3203: 'unique_ptr': 특수화되지 않은 클래스 템플릿은(는) 템플릿 매개 변수 '_Ty'에 대한 템플릿 인수로 사용할 수 없습니다. 실제 형식이 필요합니다.
  (소스 파일 'EngineCore.cpp'을(를) 컴파일하는 중)
  
D:\AllProjects\GameInJaeWon\2학기\D2D\JDEngine\JDEngine_Factories\CoreFactory.h(31,39): error C2061: 구문 오류: 식별자 'Scene'
  (소스 파일 'EngineCore.cpp'을(를) 컴파일하는 중)
  
D:\DevPrograms\MicrosoftVisualStudio\VisualStudio2022\VC\Tools\MSVC\14.44.35207\include\filesystem(12): warning STL4038: The contents of <filesystem> are available only with C++17 or later.
  코드를 생성하고 있습니다...
