c:\users\user\desktop\김장후\d2d\engine\jdengine\x64\debug\jdengine_factorys.pdb
c:\users\user\desktop\김장후\d2d\engine\jdengine\x64\debug\jdengine_factorys.idb
c:\users\user\desktop\김장후\d2d\engine\jdengine\jdengine_factorys\x64\debug\pch.obj
c:\users\user\desktop\김장후\d2d\engine\jdengine\x64\debug\jdengine_factorys.lib
c:\users\user\desktop\김장후\d2d\engine\jdengine\jdengine_factorys\x64\debug\vc143.idb
c:\users\user\desktop\김장후\d2d\engine\jdengine\jdengine_factorys\x64\debug\vc143.pdb
c:\users\user\desktop\김장후\d2d\engine\jdengine\jdengine_factorys\x64\debug\jdengine.65111236.tlog\cl.command.1.tlog
c:\users\user\desktop\김장후\d2d\engine\jdengine\jdengine_factorys\x64\debug\jdengine.65111236.tlog\cl.items.tlog
c:\users\user\desktop\김장후\d2d\engine\jdengine\jdengine_factorys\x64\debug\jdengine.65111236.tlog\cl.read.1.tlog
c:\users\user\desktop\김장후\d2d\engine\jdengine\jdengine_factorys\x64\debug\jdengine.65111236.tlog\cl.write.1.tlog
c:\users\user\desktop\김장후\d2d\engine\jdengine\jdengine_factorys\x64\debug\jdengine.65111236.tlog\lib-link.read.1.tlog
c:\users\user\desktop\김장후\d2d\engine\jdengine\jdengine_factorys\x64\debug\jdengine.65111236.tlog\lib-link.write.1.tlog
c:\users\user\desktop\김장후\d2d\engine\jdengine\jdengine_factorys\x64\debug\jdengine.65111236.tlog\lib.command.1.tlog
c:\users\user\desktop\김장후\d2d\engine\jdengine\jdengine_factorys\x64\debug\jdengine.65111236.tlog\link-cvtres.read.1.tlog
c:\users\user\desktop\김장후\d2d\engine\jdengine\jdengine_factorys\x64\debug\jdengine.65111236.tlog\link-cvtres.write.1.tlog
c:\users\user\desktop\김장후\d2d\engine\jdengine\jdengine_factorys\x64\debug\jdengine.65111236.tlog\link-rc.read.1.tlog
c:\users\user\desktop\김장후\d2d\engine\jdengine\jdengine_factorys\x64\debug\jdengine.65111236.tlog\link-rc.write.1.tlog
c:\users\user\desktop\김장후\d2d\engine\jdengine\jdengine_factorys\x64\debug\jdengine.65111236.tlog\link.command.1.tlog
c:\users\user\desktop\김장후\d2d\engine\jdengine\jdengine_factorys\x64\debug\jdengine.65111236.tlog\link.read.1.tlog
c:\users\user\desktop\김장후\d2d\engine\jdengine\jdengine_factorys\x64\debug\jdengine.65111236.tlog\link.read.2.tlog
c:\users\user\desktop\김장후\d2d\engine\jdengine\jdengine_factorys\x64\debug\jdengine.65111236.tlog\link.read.3.tlog
c:\users\user\desktop\김장후\d2d\engine\jdengine\jdengine_factorys\x64\debug\jdengine.65111236.tlog\link.read.4.tlog
c:\users\user\desktop\김장후\d2d\engine\jdengine\jdengine_factorys\x64\debug\jdengine.65111236.tlog\link.read.5.tlog
c:\users\user\desktop\김장후\d2d\engine\jdengine\jdengine_factorys\x64\debug\jdengine.65111236.tlog\link.read.6.tlog
c:\users\user\desktop\김장후\d2d\engine\jdengine\jdengine_factorys\x64\debug\jdengine.65111236.tlog\link.write.1.tlog
